Using pre-set license
Built from '2020.3/staging' branch; Version is '2020.3.11f1 (99c7afb366b3) revision 10078127'; Using compiler version '192528614'; Build Type 'Release'
OS: 'Windows 10 Pro; OS build 19042.1110; Version 2009; 64bit' Language: 'en' Physical Memory: 16216 MB
BatchMode: 1, IsHumanControllingUs: 0, StartBugReporterOnCrash: 0, Is64bit: 1, IsPro: 0

 COMMAND LINE ARGUMENTS:
C:\Program Files\Unity\Hub\Editor\2020.3.11f1\Editor\Unity.exe
-adb2
-batchMode
-noUpm
-name
AssetImportWorker0
-projectPath
C:/Users/tea.dogandzic/Desktop/Backup kompa/Repos/Unity2D/Desperados/Desperados
-logFile
Logs/AssetImportWorker0.log
-srvPort
53821
Successfully changed project path to: C:/Users/tea.dogandzic/Desktop/Backup kompa/Repos/Unity2D/Desperados/Desperados
C:/Users/tea.dogandzic/Desktop/Backup kompa/Repos/Unity2D/Desperados/Desperados
Using Asset Import Pipeline V2.
Refreshing native plugins compatible for Editor in 106.01 ms, found 2 plugins.
Preloading 0 native plugins for Editor in 0.00 ms.
Initialize engine version: 2020.3.11f1 (99c7afb366b3)
[Subsystems] Discovering subsystems at path C:/Program Files/Unity/Hub/Editor/2020.3.11f1/Editor/Data/Resources/UnitySubsystems
[Subsystems] Discovering subsystems at path C:/Users/tea.dogandzic/Desktop/Backup kompa/Repos/Unity2D/Desperados/Desperados/Assets
GfxDevice: creating device client; threaded=0
Direct3D:
    Version:  Direct3D 11.0 [level 11.1]
    Renderer: Intel(R) UHD Graphics 620 (ID=0x5917)
    Vendor:   
    VRAM:     8108 MB
    Driver:   27.20.100.8681
Initialize mono
Mono path[0] = 'C:/Program Files/Unity/Hub/Editor/2020.3.11f1/Editor/Data/Managed'
Mono path[1] = 'C:/Program Files/Unity/Hub/Editor/2020.3.11f1/Editor/Data/MonoBleedingEdge/lib/mono/unityjit'
Mono config path = 'C:/Program Files/Unity/Hub/Editor/2020.3.11f1/Editor/Data/MonoBleedingEdge/etc'
Using monoOptions --debugger-agent=transport=dt_socket,embedding=1,server=y,suspend=n,address=127.0.0.1:56604
Begin MonoManager ReloadAssembly
Registering precompiled unity dll's ...
Register platform support module: C:/Program Files/Unity/Hub/Editor/2020.3.11f1/Editor/Data/PlaybackEngines/WebGLSupport/UnityEditor.WebGL.Extensions.dll
Register platform support module: C:/Program Files/Unity/Hub/Editor/2020.3.11f1/Editor/Data/PlaybackEngines/WindowsStandaloneSupport/UnityEditor.WindowsStandalone.Extensions.dll
Registered in 0.004642 seconds.
Native extension for WindowsStandalone target not found
Native extension for WebGL target not found
Refreshing native plugins compatible for Editor in 69.70 ms, found 2 plugins.
Preloading 0 native plugins for Editor in 0.00 ms.
Mono: successfully reloaded assembly
- Completed reload, in  3.591 seconds
Platform modules already initialized, skipping
Registering precompiled user dll's ...
Registered in 0.012281 seconds.
Begin MonoManager ReloadAssembly
Native extension for WindowsStandalone target not found
Native extension for WebGL target not found
Refreshing native plugins compatible for Editor in 0.90 ms, found 2 plugins.
Preloading 0 native plugins for Editor in 0.00 ms.
Mono: successfully reloaded assembly
- Completed reload, in  2.304 seconds
Platform modules already initialized, skipping
========================================================================
Worker process is ready to serve import requests
Launched and connected shader compiler UnityShaderCompiler.exe after 0.10 seconds
Refreshing native plugins compatible for Editor in 1.19 ms, found 2 plugins.
Preloading 0 native plugins for Editor in 0.00 ms.
Unloading 1955 Unused Serialized files (Serialized files now loaded: 0)
System memory in use before: 81.0 MB.
System memory in use after: 81.1 MB.

Unloading 58 unused Assets to reduce memory usage. Loaded Objects now: 2358.
Total: 8.416500 ms (FindLiveObjects: 0.246400 ms CreateObjectMapping: 0.074700 ms MarkObjects: 7.895800 ms  DeleteObjects: 0.197600 ms)

========================================================================
Received Import Request.
  path: Assets/Scenes/Level 1.unity
  artifactKey: Guid(473f324c3fe92ba46aa80d26fc89f56b) Importer(815301076,1909f56bfc062723c751e8b465ee728b)
Start importing Assets/Scenes/Level 1.unity using Guid(473f324c3fe92ba46aa80d26fc89f56b) Importer(815301076,1909f56bfc062723c751e8b465ee728b)  -> (artifact id: '6acca20bb973511726b5181e0ffbd7f6') in 0.018920 seconds
  Import took 0.024262 seconds .

========================================================================
Received Import Request.
  Time since last request: 0.000432 seconds.
  path: Assets/Scenes
  artifactKey: Guid(1a4831b55dd212a42ba778cdbecf2a6d) Importer(815301076,1909f56bfc062723c751e8b465ee728b)
Start importing Assets/Scenes using Guid(1a4831b55dd212a42ba778cdbecf2a6d) Importer(815301076,1909f56bfc062723c751e8b465ee728b)  -> (artifact id: '9ce0493203cf051deac87509c92d72c2') in 0.003612 seconds
  Import took 0.012647 seconds .

========================================================================
Received Prepare
Refreshing native plugins compatible for Editor in 46.79 ms, found 2 plugins.
Preloading 0 native plugins for Editor in 0.00 ms.
Unloading 47 Unused Serialized files (Serialized files now loaded: 0)
System memory in use before: 42.7 MB.
System memory in use after: 42.8 MB.

Unloading 47 unused Assets to reduce memory usage. Loaded Objects now: 2358.
Total: 13.843300 ms (FindLiveObjects: 0.387200 ms CreateObjectMapping: 0.150300 ms MarkObjects: 13.243900 ms  DeleteObjects: 0.057800 ms)

========================================================================
Received Import Request.
  Time since last request: 83.541498 seconds.
  path: Assets/Scripts/Pathfinding2.cs
  artifactKey: Guid(263e8d34267747040a749c795d2ddd20) Importer(815301076,1909f56bfc062723c751e8b465ee728b)
Start importing Assets/Scripts/Pathfinding2.cs using Guid(263e8d34267747040a749c795d2ddd20) Importer(815301076,1909f56bfc062723c751e8b465ee728b)  -> (artifact id: '872a70a3d97a37f3e8ae23022af8a68c') in 0.407429 seconds
  Import took 0.426725 seconds .

========================================================================
Received Import Request.
  Time since last request: 28.471875 seconds.
  path: Assets/Scripts/Pathfinding.cs
  artifactKey: Guid(a199846ef75e7714dba5c70105aecd05) Importer(815301076,1909f56bfc062723c751e8b465ee728b)
Start importing Assets/Scripts/Pathfinding.cs using Guid(a199846ef75e7714dba5c70105aecd05) Importer(815301076,1909f56bfc062723c751e8b465ee728b)  -> (artifact id: '08fbc94e9c1eab3b37bc4080c00e6925') in 0.007455 seconds
  Import took 0.014630 seconds .

========================================================================
Received Import Request.
  Time since last request: 0.048038 seconds.
  path: Assets/Scripts/Grid.cs
  artifactKey: Guid(b046e913677f07644b8182c430d191fa) Importer(815301076,1909f56bfc062723c751e8b465ee728b)
Start importing Assets/Scripts/Grid.cs using Guid(b046e913677f07644b8182c430d191fa) Importer(815301076,1909f56bfc062723c751e8b465ee728b)  -> (artifact id: '92053a25c3271a77a006ae0701211765') in 0.009727 seconds
  Import took 0.014266 seconds .

========================================================================
Received Import Request.
  Time since last request: 0.002211 seconds.
  path: Assets/Scripts/Grid.cs
  artifactKey: Guid(b046e913677f07644b8182c430d191fa) Importer(815301076,1909f56bfc062723c751e8b465ee728b)
Start importing Assets/Scripts/Grid.cs using Guid(b046e913677f07644b8182c430d191fa) Importer(815301076,1909f56bfc062723c751e8b465ee728b)  -> (artifact id: '92053a25c3271a77a006ae0701211765') in 0.008172 seconds
  Import took 0.020387 seconds .

========================================================================
Received Prepare
Registering precompiled user dll's ...
Registered in 0.008105 seconds.
Begin MonoManager ReloadAssembly
Native extension for WindowsStandalone target not found
Native extension for WebGL target not found
Refreshing native plugins compatible for Editor in 1.64 ms, found 2 plugins.
Preloading 0 native plugins for Editor in 0.00 ms.
Mono: successfully reloaded assembly
- Completed reload, in  1.809 seconds
Platform modules already initialized, skipping
Switching build target platform(19) subTarget(0) extendedPlatform(0) -> platform(13) subTarget(589824) extendedPlatform(0)
Refreshing native plugins compatible for Editor in 1.03 ms, found 2 plugins.
Preloading 0 native plugins for Editor in 0.00 ms.
Unloading 1952 Unused Serialized files (Serialized files now loaded: 0)
System memory in use before: 81.1 MB.
System memory in use after: 81.2 MB.

Unloading 49 unused Assets to reduce memory usage. Loaded Objects now: 2361.
Total: 8.454800 ms (FindLiveObjects: 0.252800 ms CreateObjectMapping: 0.078300 ms MarkObjects: 8.032800 ms  DeleteObjects: 0.089200 ms)

AssetImportParameters requested are different than current active one (requested -> active):
  custom:graphics/normal-map-encoding: 01000000000000000000000000000000 -> 02000000000000000000000000000000
AssetImportWorkerClient::OnTransportError - code=2 error=End of file
